0 info it worked if it ends with ok
1 verbose cli [ '/usr/bin/node',
1 verbose cli   '/usr/bin/npm',
1 verbose cli   'install',
1 verbose cli   'react-bootstrap',
1 verbose cli   '--save' ]
2 info using npm@1.4.28
3 info using node@v0.10.38
4 verbose node symlink /usr/bin/node
5 warn package.json babel@4.7.16 No README data
6 warn package.json karma-firefox-launcher@0.1.4 No README data
7 warn package.json jsxhint-loader@0.2.0 No repository field.
8 verbose readDependencies using package.json deps
9 verbose cache add [ 'react-bootstrap', null ]
10 verbose cache add name=undefined spec="react-bootstrap" args=["react-bootstrap",null]
11 verbose parsed url { protocol: null,
11 verbose parsed url   slashes: null,
11 verbose parsed url   auth: null,
11 verbose parsed url   host: null,
11 verbose parsed url   port: null,
11 verbose parsed url   hostname: null,
11 verbose parsed url   hash: null,
11 verbose parsed url   search: null,
11 verbose parsed url   query: null,
11 verbose parsed url   pathname: 'react-bootstrap',
11 verbose parsed url   path: 'react-bootstrap',
11 verbose parsed url   href: 'react-bootstrap' }
12 silly lockFile 71ffd37b-react-bootstrap react-bootstrap
13 verbose lock react-bootstrap /home/ketan/.npm/71ffd37b-react-bootstrap.lock
14 silly lockFile 71ffd37b-react-bootstrap react-bootstrap
15 silly lockFile 71ffd37b-react-bootstrap react-bootstrap
16 verbose addNamed [ 'react-bootstrap', '' ]
17 verbose addNamed [ null, '*' ]
18 silly lockFile 088a9b35-react-bootstrap react-bootstrap@
19 verbose lock react-bootstrap@ /home/ketan/.npm/088a9b35-react-bootstrap.lock
20 silly addNameRange { name: 'react-bootstrap', range: '*', hasData: false }
21 verbose request where is /react-bootstrap
22 verbose request registry https://registry.npmjs.org/
23 verbose request id 2d27b70d371653c8
24 verbose url raw /react-bootstrap
25 verbose url resolving [ 'https://registry.npmjs.org/', './react-bootstrap' ]
26 verbose url resolved https://registry.npmjs.org/react-bootstrap
27 verbose request where is https://registry.npmjs.org/react-bootstrap
28 info trying registry request attempt 1 at 00:55:04
29 verbose etag "491GRSBICC23NK2EKTMY75MPC"
30 http GET https://registry.npmjs.org/react-bootstrap
31 http 304 https://registry.npmjs.org/react-bootstrap
32 silly registry.get cb [ 304,
32 silly registry.get   { date: 'Fri, 08 May 2015 19:25:05 GMT',
32 silly registry.get     via: '1.1 varnish',
32 silly registry.get     'cache-control': 'max-age=60',
32 silly registry.get     etag: '"491GRSBICC23NK2EKTMY75MPC"',
32 silly registry.get     age: '33',
32 silly registry.get     connection: 'keep-alive',
32 silly registry.get     'x-served-by': 'cache-sn87-SIN',
32 silly registry.get     'x-cache': 'HIT',
32 silly registry.get     'x-cache-hits': '1',
32 silly registry.get     'x-timer': 'S1431113105.278018,VS0,VE0',
32 silly registry.get     vary: 'Accept' } ]
33 verbose etag https://registry.npmjs.org/react-bootstrap from cache
34 silly addNameRange number 2 { name: 'react-bootstrap', range: '*', hasData: true }
35 silly addNameRange versions [ 'react-bootstrap',
35 silly addNameRange   [ '0.2.0',
35 silly addNameRange     '0.3.0',
35 silly addNameRange     '0.4.0',
35 silly addNameRange     '0.4.2',
35 silly addNameRange     '0.5.0',
35 silly addNameRange     '0.5.1',
35 silly addNameRange     '0.5.2',
35 silly addNameRange     '0.6.2',
35 silly addNameRange     '0.7.0',
35 silly addNameRange     '0.6.0',
35 silly addNameRange     '0.6.1',
35 silly addNameRange     '0.7.1',
35 silly addNameRange     '0.7.2',
35 silly addNameRange     '0.8.0',
35 silly addNameRange     '0.8.1',
35 silly addNameRange     '0.8.2',
35 silly addNameRange     '0.9.0',
35 silly addNameRange     '0.10.0',
35 silly addNameRange     '0.10.1',
35 silly addNameRange     '0.10.2',
35 silly addNameRange     '0.11.0',
35 silly addNameRange     '0.11.1',
35 silly addNameRange     '0.12.0',
35 silly addNameRange     '0.13.0',
35 silly addNameRange     '0.13.1',
35 silly addNameRange     '0.13.2',
35 silly addNameRange     '0.13.3',
35 silly addNameRange     '0.14.0',
35 silly addNameRange     '0.14.1',
35 silly addNameRange     '0.15.0',
35 silly addNameRange     '0.15.1',
35 silly addNameRange     '0.16.0',
35 silly addNameRange     '0.16.1',
35 silly addNameRange     '0.17.0',
35 silly addNameRange     '0.18.0',
35 silly addNameRange     '0.19.0',
35 silly addNameRange     '0.19.1',
35 silly addNameRange     '0.20.0',
35 silly addNameRange     '0.20.1',
35 silly addNameRange     '0.20.2',
35 silly addNameRange     '0.20.3',
35 silly addNameRange     '0.21.0',
35 silly addNameRange     '0.21.1',
35 silly addNameRange     '0.21.2' ] ]
36 verbose addNamed [ 'react-bootstrap', '0.21.2' ]
37 verbose addNamed [ '0.21.2', '0.21.2' ]
38 silly lockFile 6d8ac7b9-react-bootstrap-0-21-2 react-bootstrap@0.21.2
39 verbose lock react-bootstrap@0.21.2 /home/ketan/.npm/6d8ac7b9-react-bootstrap-0-21-2.lock
40 silly lockFile 6d8ac7b9-react-bootstrap-0-21-2 react-bootstrap@0.21.2
41 silly lockFile 6d8ac7b9-react-bootstrap-0-21-2 react-bootstrap@0.21.2
42 silly lockFile 088a9b35-react-bootstrap react-bootstrap@
43 silly lockFile 088a9b35-react-bootstrap react-bootstrap@
44 silly resolved [ { name: 'react-bootstrap',
44 silly resolved     version: '0.21.2',
44 silly resolved     description: 'Bootstrap 3 components build with React',
44 silly resolved     repository:
44 silly resolved      { type: 'git',
44 silly resolved        url: 'git+https://github.com/react-bootstrap/react-bootstrap.git' },
44 silly resolved     homepage: 'http://react-bootstrap.github.io/',
44 silly resolved     scripts:
44 silly resolved      { build: 'node run-babel tools/build.js',
44 silly resolved        'test-watch': 'karma start',
44 silly resolved        test: 'karma start --single-run && npm run lint && npm run build',
44 silly resolved        lint: 'eslint src test docs ie8 tools webpack karma.conf.js webpack.config.js webpack.docs.js',
44 silly resolved        'docs-build': 'node run-babel tools/build.js --docs-only',
44 silly resolved        docs: 'node run-babel docs/server.js',
44 silly resolved        'docs-prod': 'webpack --config webpack.docs.js -p --progress && NODE_ENV=production node run-babel docs/server.js',
44 silly resolved        ie8: 'node run-babel ie8/server.js' },
44 silly resolved     main: 'lib/index.js',
44 silly resolved     directories: { lib: 'lib/' },
44 silly resolved     keywords: [ 'react', 'ecosystem-react', 'react-component', 'bootstrap' ],
44 silly resolved     author: { name: 'Stephen J. Collings', email: 'stevoland@gmail.com' },
44 silly resolved     license: 'MIT',
44 silly resolved     peerDependencies: { react: '>=0.13' },
44 silly resolved     devDependencies:
44 silly resolved      { babel: '^5.1.10',
44 silly resolved        'babel-core': '^5.1.10',
44 silly resolved        'babel-eslint': '^3.0.1',
44 silly resolved        'babel-loader': '^5.0.0',
44 silly resolved        bootstrap: '^3.3.4',
44 silly resolved        brfs: '^1.4.0',
44 silly resolved        chai: '^2.2.0',
44 silly resolved        'child-process-promise': '^1.0.1',
44 silly resolved        'client-loader': '0.0.1',
44 silly resolved        codemirror: '^5.0.0',
44 silly resolved        colors: '^1.0.3',
44 silly resolved        'css-loader': '^0.12.0',
44 silly resolved        'es5-shim': '^4.1.0',
44 silly resolved        eslint: '^0.20.0',
44 silly resolved        'eslint-plugin-react': '^2.1.0',
44 silly resolved        express: '^4.12.3',
44 silly resolved        'extract-text-webpack-plugin': '^0.3.8',
44 silly resolved        'file-loader': '^0.8.1',
44 silly resolved        'fs-extra': '^0.18.0',
44 silly resolved        'fs-promise': '^0.3.1',
44 silly resolved        'json-loader': '^0.5.1',
44 silly resolved        karma: '~0.12.32',
44 silly resolved        'karma-chai': '^0.1.0',
44 silly resolved        'karma-chrome-launcher': '~0.1.2',
44 silly resolved        'karma-cli': '0.0.4',
44 silly resolved        'karma-firefox-launcher': '~0.1.3',
44 silly resolved        'karma-mocha': '~0.1.1',
44 silly resolved        'karma-mocha-reporter': '^1.0.2',
44 silly resolved        'karma-phantomjs-launcher': '~0.1.1',
44 silly resolved        'karma-sinon': '^1.0.3',
44 silly resolved        'karma-sourcemap-loader': '^0.3.4',
44 silly resolved        'karma-webpack': '^1.5.0',
44 silly resolved        less: '^2.4.0',
44 silly resolved        'less-loader': '^2.1.0',
44 silly resolved        lodash: '^3.5.0',
44 silly resolved        mocha: '^2.2.1',
44 silly resolved        react: '^0.13.1',
44 silly resolved        'react-router': '^0.13.1',
44 silly resolved        'rf-changelog': '^0.4.0',
44 silly resolved        rimraf: '^2.3.2',
44 silly resolved        semver: '^4.3.1',
44 silly resolved        sinon: '^1.10.3',
44 silly resolved        'style-loader': '^0.12.0',
44 silly resolved        'transform-loader': '^0.2.1',
44 silly resolved        webpack: '^1.7.2',
44 silly resolved        'webpack-dev-middleware': '^1.0.11',
44 silly resolved        yargs: '^3.5.4' },
44 silly resolved     dependencies: { classnames: '^1.1.4' },
44 silly resolved     gitHead: '598653481dbdfc3ff77ca90bb8800bdb7a8e9c01',
44 silly resolved     bugs: { url: 'https://github.com/react-bootstrap/react-bootstrap/issues' },
44 silly resolved     _id: 'react-bootstrap@0.21.2',
44 silly resolved     _shasum: '9183e1008684517bc99097c1817c18bdfd70f564',
44 silly resolved     _from: 'react-bootstrap@',
44 silly resolved     _npmVersion: '2.8.4',
44 silly resolved     _nodeVersion: '0.12.0',
44 silly resolved     _npmUser: { name: 'mtscout6', email: 'mtscout6@gmail.com' },
44 silly resolved     maintainers: [ [Object], [Object] ],
44 silly resolved     dist:
44 silly resolved      { shasum: '9183e1008684517bc99097c1817c18bdfd70f564',
44 silly resolved        tarball: 'http://registry.npmjs.org/react-bootstrap/-/react-bootstrap-0.21.2.tgz' },
44 silly resolved     _resolved: 'https://registry.npmjs.org/react-bootstrap/-/react-bootstrap-0.21.2.tgz',
44 silly resolved     readme: 'ERROR: No README data found!' } ]
45 info install react-bootstrap@0.21.2 into /home/ketan/public_html/synup
46 info installOne react-bootstrap@0.21.2
47 verbose node_modules/react-bootstrap unbuild
48 info preuninstall react-bootstrap@0.21.2
49 info uninstall react-bootstrap@0.21.2
50 verbose true,/home/ketan/public_html/synup/node_modules,/home/ketan/public_html/synup/node_modules unbuild react-bootstrap@0.21.2
51 info postuninstall react-bootstrap@0.21.2
52 verbose tar unpack /home/ketan/.npm/react-bootstrap/0.21.2/package.tgz
53 silly lockFile e30e7ecb-nup-node-modules-react-bootstrap tar:///home/ketan/public_html/synup/node_modules/react-bootstrap
54 verbose lock tar:///home/ketan/public_html/synup/node_modules/react-bootstrap /home/ketan/.npm/e30e7ecb-nup-node-modules-react-bootstrap.lock
55 silly lockFile 58cf4270-act-bootstrap-0-21-2-package-tgz tar:///home/ketan/.npm/react-bootstrap/0.21.2/package.tgz
56 verbose lock tar:///home/ketan/.npm/react-bootstrap/0.21.2/package.tgz /home/ketan/.npm/58cf4270-act-bootstrap-0-21-2-package-tgz.lock
57 silly gunzTarPerm modes [ '775', '664' ]
58 silly gunzTarPerm extractEntry package.json
59 silly gunzTarPerm modified mode [ 'package.json', 420, 436 ]
60 silly gunzTarPerm extractEntry .npmignore
61 silly gunzTarPerm modified mode [ '.npmignore', 420, 436 ]
62 silly gunzTarPerm extractEntry README.md
63 silly gunzTarPerm modified mode [ 'README.md', 420, 436 ]
64 silly gunzTarPerm extractEntry LICENSE
65 silly gunzTarPerm modified mode [ 'LICENSE', 420, 436 ]
66 silly gunzTarPerm extractEntry webpack.docs.js
67 silly gunzTarPerm modified mode [ 'webpack.docs.js', 420, 436 ]
68 silly gunzTarPerm extractEntry webpack.config.js
69 silly gunzTarPerm modified mode [ 'webpack.config.js', 420, 436 ]
70 silly gunzTarPerm extractEntry register-babel.js
71 silly gunzTarPerm modified mode [ 'register-babel.js', 420, 436 ]
72 silly gunzTarPerm extractEntry CONTRIBUTING.md
73 silly gunzTarPerm modified mode [ 'CONTRIBUTING.md', 420, 436 ]
74 silly gunzTarPerm extractEntry .eslintignore
75 silly gunzTarPerm modified mode [ '.eslintignore', 420, 436 ]
76 silly gunzTarPerm extractEntry MAINTAINING.md
77 silly gunzTarPerm modified mode [ 'MAINTAINING.md', 420, 436 ]
78 silly gunzTarPerm extractEntry .eslintrc
79 silly gunzTarPerm modified mode [ '.eslintrc', 420, 436 ]
80 silly gunzTarPerm extractEntry amd/README.md
81 silly gunzTarPerm modified mode [ 'amd/README.md', 420, 436 ]
82 silly gunzTarPerm extractEntry amd/LICENSE
83 silly gunzTarPerm modified mode [ 'amd/LICENSE', 420, 436 ]
84 silly gunzTarPerm extractEntry amd/react-bootstrap.js
85 silly gunzTarPerm modified mode [ 'amd/react-bootstrap.js', 420, 436 ]
86 silly gunzTarPerm extractEntry amd/react-bootstrap.min.js
87 silly gunzTarPerm modified mode [ 'amd/react-bootstrap.min.js', 420, 436 ]
88 silly gunzTarPerm extractEntry amd/bower.json
89 silly gunzTarPerm modified mode [ 'amd/bower.json', 420, 436 ]
90 silly gunzTarPerm extractEntry amd/lib/Accordion.js
91 silly gunzTarPerm modified mode [ 'amd/lib/Accordion.js', 420, 436 ]
92 silly gunzTarPerm extractEntry amd/lib/Interpolate.js
93 silly gunzTarPerm modified mode [ 'amd/lib/Interpolate.js', 420, 436 ]
94 silly gunzTarPerm extractEntry amd/lib/Jumbotron.js
95 silly gunzTarPerm modified mode [ 'amd/lib/Jumbotron.js', 420, 436 ]
96 silly gunzTarPerm extractEntry amd/lib/Label.js
97 silly gunzTarPerm modified mode [ 'amd/lib/Label.js', 420, 436 ]
98 silly gunzTarPerm extractEntry amd/lib/Input.js
99 silly gunzTarPerm modified mode [ 'amd/lib/Input.js', 420, 436 ]
100 silly gunzTarPerm extractEntry amd/lib/ListGroupItem.js
101 silly gunzTarPerm modified mode [ 'amd/lib/ListGroupItem.js', 420, 436 ]
102 silly gunzTarPerm extractEntry amd/lib/MenuItem.js
103 silly gunzTarPerm modified mode [ 'amd/lib/MenuItem.js', 420, 436 ]
104 silly gunzTarPerm extractEntry amd/lib/Modal.js
105 silly gunzTarPerm modified mode [ 'amd/lib/Modal.js', 420, 436 ]
106 silly gunzTarPerm extractEntry amd/lib/ModalTrigger.js
107 silly gunzTarPerm modified mode [ 'amd/lib/ModalTrigger.js', 420, 436 ]
108 silly gunzTarPerm extractEntry amd/lib/Nav.js
109 silly gunzTarPerm modified mode [ 'amd/lib/Nav.js', 420, 436 ]
110 silly gunzTarPerm extractEntry amd/lib/Grid.js
111 silly gunzTarPerm modified mode [ 'amd/lib/Grid.js', 420, 436 ]
112 silly gunzTarPerm extractEntry amd/lib/NavItem.js
113 silly gunzTarPerm modified mode [ 'amd/lib/NavItem.js', 420, 436 ]
114 silly gunzTarPerm extractEntry amd/lib/Glyphicon.js
115 silly gunzTarPerm modified mode [ 'amd/lib/Glyphicon.js', 420, 436 ]
116 silly gunzTarPerm extractEntry amd/lib/Navbar.js
117 silly gunzTarPerm modified mode [ 'amd/lib/Navbar.js', 420, 436 ]
118 silly gunzTarPerm extractEntry amd/lib/FormGroup.js
119 silly gunzTarPerm modified mode [ 'amd/lib/FormGroup.js', 420, 436 ]
120 silly gunzTarPerm extractEntry amd/lib/OverlayMixin.js
121 silly gunzTarPerm modified mode [ 'amd/lib/OverlayMixin.js', 420, 436 ]
122 silly gunzTarPerm extractEntry amd/lib/FadeMixin.js
123 silly gunzTarPerm modified mode [ 'amd/lib/FadeMixin.js', 420, 436 ]
124 silly gunzTarPerm extractEntry amd/lib/OverlayTrigger.js
125 silly gunzTarPerm modified mode [ 'amd/lib/OverlayTrigger.js', 420, 436 ]
126 silly gunzTarPerm extractEntry amd/lib/DropdownStateMixin.js
127 silly gunzTarPerm modified mode [ 'amd/lib/DropdownStateMixin.js', 420, 436 ]
128 silly gunzTarPerm extractEntry amd/lib/PageHeader.js
129 silly gunzTarPerm modified mode [ 'amd/lib/PageHeader.js', 420, 436 ]
130 silly gunzTarPerm extractEntry amd/lib/DropdownMenu.js
131 silly gunzTarPerm modified mode [ 'amd/lib/DropdownMenu.js', 420, 436 ]
132 silly gunzTarPerm extractEntry amd/lib/PageItem.js
133 silly gunzTarPerm modified mode [ 'amd/lib/PageItem.js', 420, 436 ]
134 silly gunzTarPerm extractEntry amd/lib/DropdownButton.js
135 silly gunzTarPerm modified mode [ 'amd/lib/DropdownButton.js', 420, 436 ]
136 silly gunzTarPerm extractEntry amd/lib/Pager.js
137 silly gunzTarPerm modified mode [ 'amd/lib/Pager.js', 420, 436 ]
138 silly gunzTarPerm extractEntry amd/lib/CollapsibleNav.js
139 silly gunzTarPerm modified mode [ 'amd/lib/CollapsibleNav.js', 420, 436 ]
140 silly gunzTarPerm extractEntry amd/lib/Panel.js
141 silly gunzTarPerm modified mode [ 'amd/lib/Panel.js', 420, 436 ]
142 silly gunzTarPerm extractEntry amd/lib/CollapsibleMixin.js
143 silly gunzTarPerm modified mode [ 'amd/lib/CollapsibleMixin.js', 420, 436 ]
144 silly gunzTarPerm extractEntry amd/lib/PanelGroup.js
145 silly gunzTarPerm modified mode [ 'amd/lib/PanelGroup.js', 420, 436 ]
146 silly gunzTarPerm extractEntry amd/lib/CollapsableNav.js
147 silly gunzTarPerm modified mode [ 'amd/lib/CollapsableNav.js', 420, 436 ]
148 silly gunzTarPerm extractEntry amd/lib/Popover.js
149 silly gunzTarPerm modified mode [ 'amd/lib/Popover.js', 420, 436 ]
150 silly gunzTarPerm extractEntry amd/lib/CollapsableMixin.js
151 silly gunzTarPerm modified mode [ 'amd/lib/CollapsableMixin.js', 420, 436 ]
152 silly gunzTarPerm extractEntry amd/lib/ProgressBar.js
153 silly gunzTarPerm modified mode [ 'amd/lib/ProgressBar.js', 420, 436 ]
154 silly gunzTarPerm extractEntry amd/lib/Col.js
155 silly gunzTarPerm modified mode [ 'amd/lib/Col.js', 420, 436 ]
156 silly gunzTarPerm extractEntry amd/lib/Row.js
157 silly gunzTarPerm modified mode [ 'amd/lib/Row.js', 420, 436 ]
158 silly gunzTarPerm extractEntry amd/lib/CarouselItem.js
159 silly gunzTarPerm modified mode [ 'amd/lib/CarouselItem.js', 420, 436 ]
160 silly gunzTarPerm extractEntry amd/lib/SplitButton.js
161 silly gunzTarPerm modified mode [ 'amd/lib/SplitButton.js', 420, 436 ]
162 silly gunzTarPerm extractEntry amd/lib/Carousel.js
163 silly gunzTarPerm modified mode [ 'amd/lib/Carousel.js', 420, 436 ]
164 silly gunzTarPerm extractEntry amd/lib/SubNav.js
165 silly gunzTarPerm modified mode [ 'amd/lib/SubNav.js', 420, 436 ]
166 silly gunzTarPerm extractEntry amd/lib/ButtonToolbar.js
167 silly gunzTarPerm modified mode [ 'amd/lib/ButtonToolbar.js', 420, 436 ]
168 silly gunzTarPerm extractEntry amd/lib/TabPane.js
169 silly gunzTarPerm modified mode [ 'amd/lib/TabPane.js', 420, 436 ]
170 silly gunzTarPerm extractEntry amd/lib/ButtonGroup.js
171 silly gunzTarPerm modified mode [ 'amd/lib/ButtonGroup.js', 420, 436 ]
172 silly gunzTarPerm extractEntry amd/lib/TabbedArea.js
173 silly gunzTarPerm modified mode [ 'amd/lib/TabbedArea.js', 420, 436 ]
174 silly gunzTarPerm extractEntry amd/lib/Button.js
175 silly gunzTarPerm modified mode [ 'amd/lib/Button.js', 420, 436 ]
176 silly gunzTarPerm extractEntry amd/lib/Table.js
177 silly gunzTarPerm modified mode [ 'amd/lib/Table.js', 420, 436 ]
178 silly gunzTarPerm extractEntry amd/lib/BootstrapMixin.js
179 silly gunzTarPerm modified mode [ 'amd/lib/BootstrapMixin.js', 420, 436 ]
180 silly gunzTarPerm extractEntry amd/lib/Tooltip.js
181 silly gunzTarPerm modified mode [ 'amd/lib/Tooltip.js', 420, 436 ]
182 silly gunzTarPerm extractEntry amd/lib/Badge.js
183 silly gunzTarPerm modified mode [ 'amd/lib/Badge.js', 420, 436 ]
184 silly gunzTarPerm extractEntry amd/lib/Well.js
185 silly gunzTarPerm modified mode [ 'amd/lib/Well.js', 420, 436 ]
186 silly gunzTarPerm extractEntry amd/lib/Alert.js
187 silly gunzTarPerm modified mode [ 'amd/lib/Alert.js', 420, 436 ]
188 silly gunzTarPerm extractEntry amd/lib/index.js
189 silly gunzTarPerm modified mode [ 'amd/lib/index.js', 420, 436 ]
190 silly gunzTarPerm extractEntry amd/lib/AffixMixin.js
191 silly gunzTarPerm modified mode [ 'amd/lib/AffixMixin.js', 420, 436 ]
192 silly gunzTarPerm extractEntry amd/lib/styleMaps.js
193 silly gunzTarPerm modified mode [ 'amd/lib/styleMaps.js', 420, 436 ]
194 silly gunzTarPerm extractEntry amd/lib/Affix.js
195 silly gunzTarPerm modified mode [ 'amd/lib/Affix.js', 420, 436 ]
196 silly gunzTarPerm extractEntry amd/lib/ListGroup.js
197 silly gunzTarPerm modified mode [ 'amd/lib/ListGroup.js', 420, 436 ]
198 silly gunzTarPerm extractEntry amd/lib/utils/CustomPropTypes.js
199 silly gunzTarPerm modified mode [ 'amd/lib/utils/CustomPropTypes.js', 420, 436 ]
200 silly gunzTarPerm extractEntry amd/lib/utils/EventListener.js
201 silly gunzTarPerm modified mode [ 'amd/lib/utils/EventListener.js', 420, 436 ]
202 silly gunzTarPerm extractEntry amd/lib/utils/Object.assign.js
203 silly gunzTarPerm modified mode [ 'amd/lib/utils/Object.assign.js', 420, 436 ]
204 silly gunzTarPerm extractEntry amd/lib/utils/TransitionEvents.js
205 silly gunzTarPerm modified mode [ 'amd/lib/utils/TransitionEvents.js', 420, 436 ]
206 silly gunzTarPerm extractEntry amd/lib/utils/ValidComponentChildren.js
207 silly gunzTarPerm modified mode [ 'amd/lib/utils/ValidComponentChildren.js', 420, 436 ]
208 silly gunzTarPerm extractEntry amd/lib/utils/createChainedFunction.js
209 silly gunzTarPerm modified mode [ 'amd/lib/utils/createChainedFunction.js', 420, 436 ]
210 silly gunzTarPerm extractEntry amd/lib/utils/deprecationWarning.js
211 silly gunzTarPerm modified mode [ 'amd/lib/utils/deprecationWarning.js', 420, 436 ]
212 silly gunzTarPerm extractEntry amd/lib/utils/domUtils.js
213 silly gunzTarPerm modified mode [ 'amd/lib/utils/domUtils.js', 420, 436 ]
214 silly gunzTarPerm extractEntry appveyor.yml.tmp
215 silly gunzTarPerm modified mode [ 'appveyor.yml.tmp', 420, 436 ]
216 silly gunzTarPerm extractEntry dist/react-bootstrap.js
217 silly gunzTarPerm modified mode [ 'dist/react-bootstrap.js', 420, 436 ]
218 silly gunzTarPerm extractEntry dist/react-bootstrap.min.js
219 silly gunzTarPerm modified mode [ 'dist/react-bootstrap.min.js', 420, 436 ]
220 silly gunzTarPerm extractEntry .editorconfig
221 silly gunzTarPerm modified mode [ '.editorconfig', 420, 436 ]
222 silly gunzTarPerm extractEntry ie8/package.json
223 silly gunzTarPerm modified mode [ 'ie8/package.json', 420, 436 ]
224 silly gunzTarPerm extractEntry ie8/README.md
225 silly gunzTarPerm modified mode [ 'ie8/README.md', 420, 436 ]
226 silly gunzTarPerm extractEntry ie8/server.js
227 silly gunzTarPerm modified mode [ 'ie8/server.js', 420, 436 ]
228 silly gunzTarPerm extractEntry ie8/src.js
229 silly gunzTarPerm modified mode [ 'ie8/src.js', 420, 436 ]
230 silly gunzTarPerm extractEntry ie8/.eslintrc
231 silly gunzTarPerm modified mode [ 'ie8/.eslintrc', 420, 436 ]
232 silly gunzTarPerm extractEntry ie8/assets/carousel.png
233 silly gunzTarPerm modified mode [ 'ie8/assets/carousel.png', 420, 436 ]
234 silly gunzTarPerm extractEntry ie8/index.html
235 silly gunzTarPerm modified mode [ 'ie8/index.html', 420, 436 ]
236 silly gunzTarPerm extractEntry lib/Accordion.js
237 silly gunzTarPerm modified mode [ 'lib/Accordion.js', 420, 436 ]
238 silly gunzTarPerm extractEntry lib/Interpolate.js
239 silly gunzTarPerm modified mode [ 'lib/Interpolate.js', 420, 436 ]
240 silly gunzTarPerm extractEntry lib/Jumbotron.js
241 silly gunzTarPerm modified mode [ 'lib/Jumbotron.js', 420, 436 ]
242 silly gunzTarPerm extractEntry lib/Label.js
243 silly gunzTarPerm modified mode [ 'lib/Label.js', 420, 436 ]
244 silly gunzTarPerm extractEntry lib/Input.js
245 silly gunzTarPerm modified mode [ 'lib/Input.js', 420, 436 ]
246 silly gunzTarPerm extractEntry lib/ListGroupItem.js
247 silly gunzTarPerm modified mode [ 'lib/ListGroupItem.js', 420, 436 ]
248 silly gunzTarPerm extractEntry lib/MenuItem.js
249 silly gunzTarPerm modified mode [ 'lib/MenuItem.js', 420, 436 ]
250 silly gunzTarPerm extractEntry lib/Modal.js
251 silly gunzTarPerm modified mode [ 'lib/Modal.js', 420, 436 ]
252 silly gunzTarPerm extractEntry lib/ModalTrigger.js
253 silly gunzTarPerm modified mode [ 'lib/ModalTrigger.js', 420, 436 ]
254 silly gunzTarPerm extractEntry lib/Nav.js
255 silly gunzTarPerm modified mode [ 'lib/Nav.js', 420, 436 ]
256 silly gunzTarPerm extractEntry lib/Grid.js
257 silly gunzTarPerm modified mode [ 'lib/Grid.js', 420, 436 ]
258 silly gunzTarPerm extractEntry lib/NavItem.js
259 silly gunzTarPerm modified mode [ 'lib/NavItem.js', 420, 436 ]
260 silly gunzTarPerm extractEntry lib/Glyphicon.js
261 silly gunzTarPerm modified mode [ 'lib/Glyphicon.js', 420, 436 ]
262 silly gunzTarPerm extractEntry lib/Navbar.js
263 silly gunzTarPerm modified mode [ 'lib/Navbar.js', 420, 436 ]
264 silly gunzTarPerm extractEntry lib/FormGroup.js
265 silly gunzTarPerm modified mode [ 'lib/FormGroup.js', 420, 436 ]
266 silly gunzTarPerm extractEntry lib/OverlayMixin.js
267 silly gunzTarPerm modified mode [ 'lib/OverlayMixin.js', 420, 436 ]
268 silly gunzTarPerm extractEntry lib/FadeMixin.js
269 silly gunzTarPerm modified mode [ 'lib/FadeMixin.js', 420, 436 ]
270 silly gunzTarPerm extractEntry lib/OverlayTrigger.js
271 silly gunzTarPerm modified mode [ 'lib/OverlayTrigger.js', 420, 436 ]
272 silly gunzTarPerm extractEntry lib/DropdownStateMixin.js
273 silly gunzTarPerm modified mode [ 'lib/DropdownStateMixin.js', 420, 436 ]
274 silly gunzTarPerm extractEntry lib/PageHeader.js
275 silly gunzTarPerm modified mode [ 'lib/PageHeader.js', 420, 436 ]
276 silly gunzTarPerm extractEntry lib/DropdownMenu.js
277 silly gunzTarPerm modified mode [ 'lib/DropdownMenu.js', 420, 436 ]
278 silly gunzTarPerm extractEntry lib/PageItem.js
279 silly gunzTarPerm modified mode [ 'lib/PageItem.js', 420, 436 ]
280 silly gunzTarPerm extractEntry lib/DropdownButton.js
281 silly gunzTarPerm modified mode [ 'lib/DropdownButton.js', 420, 436 ]
282 silly gunzTarPerm extractEntry lib/Pager.js
283 silly gunzTarPerm modified mode [ 'lib/Pager.js', 420, 436 ]
284 silly gunzTarPerm extractEntry lib/CollapsibleNav.js
285 silly gunzTarPerm modified mode [ 'lib/CollapsibleNav.js', 420, 436 ]
286 silly gunzTarPerm extractEntry lib/Panel.js
287 silly gunzTarPerm modified mode [ 'lib/Panel.js', 420, 436 ]
288 silly gunzTarPerm extractEntry lib/CollapsibleMixin.js
289 silly gunzTarPerm modified mode [ 'lib/CollapsibleMixin.js', 420, 436 ]
290 silly gunzTarPerm extractEntry lib/PanelGroup.js
291 silly gunzTarPerm modified mode [ 'lib/PanelGroup.js', 420, 436 ]
292 silly gunzTarPerm extractEntry lib/CollapsableNav.js
293 silly gunzTarPerm modified mode [ 'lib/CollapsableNav.js', 420, 436 ]
294 silly gunzTarPerm extractEntry lib/Popover.js
295 silly gunzTarPerm modified mode [ 'lib/Popover.js', 420, 436 ]
296 silly gunzTarPerm extractEntry lib/CollapsableMixin.js
297 silly gunzTarPerm modified mode [ 'lib/CollapsableMixin.js', 420, 436 ]
298 silly gunzTarPerm extractEntry lib/ProgressBar.js
299 silly gunzTarPerm modified mode [ 'lib/ProgressBar.js', 420, 436 ]
300 silly gunzTarPerm extractEntry lib/Col.js
301 silly gunzTarPerm modified mode [ 'lib/Col.js', 420, 436 ]
302 silly gunzTarPerm extractEntry lib/Row.js
303 silly gunzTarPerm modified mode [ 'lib/Row.js', 420, 436 ]
304 silly gunzTarPerm extractEntry lib/CarouselItem.js
305 silly gunzTarPerm modified mode [ 'lib/CarouselItem.js', 420, 436 ]
306 silly gunzTarPerm extractEntry lib/SplitButton.js
307 silly gunzTarPerm modified mode [ 'lib/SplitButton.js', 420, 436 ]
308 silly gunzTarPerm extractEntry lib/Carousel.js
309 silly gunzTarPerm modified mode [ 'lib/Carousel.js', 420, 436 ]
310 silly gunzTarPerm extractEntry lib/SubNav.js
311 silly gunzTarPerm modified mode [ 'lib/SubNav.js', 420, 436 ]
312 silly gunzTarPerm extractEntry lib/ButtonToolbar.js
313 silly gunzTarPerm modified mode [ 'lib/ButtonToolbar.js', 420, 436 ]
314 silly gunzTarPerm extractEntry lib/TabPane.js
315 silly gunzTarPerm modified mode [ 'lib/TabPane.js', 420, 436 ]
316 silly gunzTarPerm extractEntry lib/ButtonGroup.js
317 silly gunzTarPerm modified mode [ 'lib/ButtonGroup.js', 420, 436 ]
318 silly gunzTarPerm extractEntry lib/TabbedArea.js
319 silly gunzTarPerm modified mode [ 'lib/TabbedArea.js', 420, 436 ]
320 silly gunzTarPerm extractEntry lib/Button.js
321 silly gunzTarPerm modified mode [ 'lib/Button.js', 420, 436 ]
322 silly gunzTarPerm extractEntry lib/Table.js
323 silly gunzTarPerm modified mode [ 'lib/Table.js', 420, 436 ]
324 silly gunzTarPerm extractEntry lib/BootstrapMixin.js
325 silly gunzTarPerm modified mode [ 'lib/BootstrapMixin.js', 420, 436 ]
326 silly gunzTarPerm extractEntry lib/Tooltip.js
327 silly gunzTarPerm modified mode [ 'lib/Tooltip.js', 420, 436 ]
328 silly gunzTarPerm extractEntry lib/Badge.js
329 silly gunzTarPerm modified mode [ 'lib/Badge.js', 420, 436 ]
330 silly gunzTarPerm extractEntry lib/Well.js
331 silly gunzTarPerm modified mode [ 'lib/Well.js', 420, 436 ]
332 silly gunzTarPerm extractEntry lib/Alert.js
333 silly gunzTarPerm modified mode [ 'lib/Alert.js', 420, 436 ]
334 silly gunzTarPerm extractEntry lib/index.js
335 silly gunzTarPerm modified mode [ 'lib/index.js', 420, 436 ]
336 silly gunzTarPerm extractEntry lib/AffixMixin.js
337 silly gunzTarPerm modified mode [ 'lib/AffixMixin.js', 420, 436 ]
338 silly gunzTarPerm extractEntry lib/styleMaps.js
339 silly gunzTarPerm modified mode [ 'lib/styleMaps.js', 420, 436 ]
340 silly gunzTarPerm extractEntry lib/Affix.js
341 silly gunzTarPerm modified mode [ 'lib/Affix.js', 420, 436 ]
342 silly gunzTarPerm extractEntry lib/ListGroup.js
343 silly gunzTarPerm modified mode [ 'lib/ListGroup.js', 420, 436 ]
344 silly gunzTarPerm extractEntry lib/utils/CustomPropTypes.js
345 silly gunzTarPerm modified mode [ 'lib/utils/CustomPropTypes.js', 420, 436 ]
346 silly gunzTarPerm extractEntry lib/utils/EventListener.js
347 silly gunzTarPerm modified mode [ 'lib/utils/EventListener.js', 420, 436 ]
348 silly gunzTarPerm extractEntry lib/utils/Object.assign.js
349 silly gunzTarPerm modified mode [ 'lib/utils/Object.assign.js', 420, 436 ]
350 silly gunzTarPerm extractEntry lib/utils/TransitionEvents.js
351 silly gunzTarPerm modified mode [ 'lib/utils/TransitionEvents.js', 420, 436 ]
352 silly gunzTarPerm extractEntry lib/utils/ValidComponentChildren.js
353 silly gunzTarPerm modified mode [ 'lib/utils/ValidComponentChildren.js', 420, 436 ]
354 silly gunzTarPerm extractEntry lib/utils/createChainedFunction.js
355 silly gunzTarPerm modified mode [ 'lib/utils/createChainedFunction.js', 420, 436 ]
356 silly gunzTarPerm extractEntry lib/utils/deprecationWarning.js
357 silly gunzTarPerm modified mode [ 'lib/utils/deprecationWarning.js', 420, 436 ]
358 silly gunzTarPerm extractEntry lib/utils/domUtils.js
359 silly gunzTarPerm modified mode [ 'lib/utils/domUtils.js', 420, 436 ]
360 silly gunzTarPerm extractEntry .ackrc
361 silly gunzTarPerm modified mode [ '.ackrc', 420, 436 ]
362 silly gunzTarPerm extractEntry CHANGELOG.md
363 silly gunzTarPerm modified mode [ 'CHANGELOG.md', 420, 436 ]
364 silly gunzTarPerm extractEntry run-babel
365 silly gunzTarPerm modified mode [ 'run-babel', 493, 509 ]
366 silly gunzTarPerm extractEntry src/Accordion.js
367 silly gunzTarPerm modified mode [ 'src/Accordion.js', 420, 436 ]
368 silly gunzTarPerm extractEntry src/Interpolate.js
369 silly gunzTarPerm modified mode [ 'src/Interpolate.js', 420, 436 ]
370 silly gunzTarPerm extractEntry src/Jumbotron.js
371 silly gunzTarPerm modified mode [ 'src/Jumbotron.js', 420, 436 ]
372 silly gunzTarPerm extractEntry src/Label.js
373 silly gunzTarPerm modified mode [ 'src/Label.js', 420, 436 ]
374 silly gunzTarPerm extractEntry src/Input.js
375 silly gunzTarPerm modified mode [ 'src/Input.js', 420, 436 ]
376 silly gunzTarPerm extractEntry src/ListGroupItem.js
377 silly gunzTarPerm modified mode [ 'src/ListGroupItem.js', 420, 436 ]
378 silly gunzTarPerm extractEntry src/MenuItem.js
379 silly gunzTarPerm modified mode [ 'src/MenuItem.js', 420, 436 ]
380 silly gunzTarPerm extractEntry src/Modal.js
381 silly gunzTarPerm modified mode [ 'src/Modal.js', 420, 436 ]
382 silly gunzTarPerm extractEntry src/ModalTrigger.js
383 silly gunzTarPerm modified mode [ 'src/ModalTrigger.js', 420, 436 ]
384 silly gunzTarPerm extractEntry src/Nav.js
385 silly gunzTarPerm modified mode [ 'src/Nav.js', 420, 436 ]
386 silly gunzTarPerm extractEntry src/Grid.js
387 silly gunzTarPerm modified mode [ 'src/Grid.js', 420, 436 ]
388 silly gunzTarPerm extractEntry src/NavItem.js
389 silly gunzTarPerm modified mode [ 'src/NavItem.js', 420, 436 ]
390 silly gunzTarPerm extractEntry src/Glyphicon.js
391 silly gunzTarPerm modified mode [ 'src/Glyphicon.js', 420, 436 ]
392 silly gunzTarPerm extractEntry src/Navbar.js
393 silly gunzTarPerm modified mode [ 'src/Navbar.js', 420, 436 ]
394 silly gunzTarPerm extractEntry src/FormGroup.js
395 silly gunzTarPerm modified mode [ 'src/FormGroup.js', 420, 436 ]
396 silly gunzTarPerm extractEntry src/OverlayMixin.js
397 silly gunzTarPerm modified mode [ 'src/OverlayMixin.js', 420, 436 ]
398 silly gunzTarPerm extractEntry src/FadeMixin.js
399 silly gunzTarPerm modified mode [ 'src/FadeMixin.js', 420, 436 ]
400 silly gunzTarPerm extractEntry src/OverlayTrigger.js
401 silly gunzTarPerm modified mode [ 'src/OverlayTrigger.js', 420, 436 ]
402 silly gunzTarPerm extractEntry src/DropdownStateMixin.js
403 silly gunzTarPerm modified mode [ 'src/DropdownStateMixin.js', 420, 436 ]
404 silly gunzTarPerm extractEntry src/PageHeader.js
405 silly gunzTarPerm modified mode [ 'src/PageHeader.js', 420, 436 ]
406 silly gunzTarPerm extractEntry src/DropdownMenu.js
407 silly gunzTarPerm modified mode [ 'src/DropdownMenu.js', 420, 436 ]
408 silly gunzTarPerm extractEntry src/PageItem.js
409 silly gunzTarPerm modified mode [ 'src/PageItem.js', 420, 436 ]
410 silly gunzTarPerm extractEntry src/DropdownButton.js
411 silly gunzTarPerm modified mode [ 'src/DropdownButton.js', 420, 436 ]
412 silly gunzTarPerm extractEntry src/Pager.js
413 silly gunzTarPerm modified mode [ 'src/Pager.js', 420, 436 ]
414 silly gunzTarPerm extractEntry src/CollapsibleNav.js
415 silly gunzTarPerm modified mode [ 'src/CollapsibleNav.js', 420, 436 ]
416 silly gunzTarPerm extractEntry src/Panel.js
417 silly gunzTarPerm modified mode [ 'src/Panel.js', 420, 436 ]
418 silly gunzTarPerm extractEntry src/CollapsibleMixin.js
419 silly gunzTarPerm modified mode [ 'src/CollapsibleMixin.js', 420, 436 ]
420 silly gunzTarPerm extractEntry src/PanelGroup.js
421 silly gunzTarPerm modified mode [ 'src/PanelGroup.js', 420, 436 ]
422 silly gunzTarPerm extractEntry src/CollapsableNav.js
423 silly gunzTarPerm modified mode [ 'src/CollapsableNav.js', 420, 436 ]
424 silly gunzTarPerm extractEntry src/Popover.js
425 silly gunzTarPerm modified mode [ 'src/Popover.js', 420, 436 ]
426 silly gunzTarPerm extractEntry src/CollapsableMixin.js
427 silly gunzTarPerm modified mode [ 'src/CollapsableMixin.js', 420, 436 ]
428 silly gunzTarPerm extractEntry src/ProgressBar.js
429 silly gunzTarPerm modified mode [ 'src/ProgressBar.js', 420, 436 ]
430 silly gunzTarPerm extractEntry src/Col.js
431 silly gunzTarPerm modified mode [ 'src/Col.js', 420, 436 ]
432 silly gunzTarPerm extractEntry src/Row.js
433 silly gunzTarPerm modified mode [ 'src/Row.js', 420, 436 ]
434 silly gunzTarPerm extractEntry src/CarouselItem.js
435 silly gunzTarPerm modified mode [ 'src/CarouselItem.js', 420, 436 ]
436 silly gunzTarPerm extractEntry src/SplitButton.js
437 silly gunzTarPerm modified mode [ 'src/SplitButton.js', 420, 436 ]
438 silly gunzTarPerm extractEntry src/Carousel.js
439 silly gunzTarPerm modified mode [ 'src/Carousel.js', 420, 436 ]
440 silly gunzTarPerm extractEntry src/SubNav.js
441 silly gunzTarPerm modified mode [ 'src/SubNav.js', 420, 436 ]
442 silly gunzTarPerm extractEntry src/ButtonToolbar.js
443 silly gunzTarPerm modified mode [ 'src/ButtonToolbar.js', 420, 436 ]
444 silly gunzTarPerm extractEntry src/TabPane.js
445 silly gunzTarPerm modified mode [ 'src/TabPane.js', 420, 436 ]
446 silly gunzTarPerm extractEntry src/ButtonGroup.js
447 silly gunzTarPerm modified mode [ 'src/ButtonGroup.js', 420, 436 ]
448 silly gunzTarPerm extractEntry src/TabbedArea.js
449 silly gunzTarPerm modified mode [ 'src/TabbedArea.js', 420, 436 ]
450 silly gunzTarPerm extractEntry src/Button.js
451 silly gunzTarPerm modified mode [ 'src/Button.js', 420, 436 ]
452 silly gunzTarPerm extractEntry src/Table.js
453 silly gunzTarPerm modified mode [ 'src/Table.js', 420, 436 ]
454 silly gunzTarPerm extractEntry src/BootstrapMixin.js
455 silly gunzTarPerm modified mode [ 'src/BootstrapMixin.js', 420, 436 ]
456 silly gunzTarPerm extractEntry src/Tooltip.js
457 silly gunzTarPerm modified mode [ 'src/Tooltip.js', 420, 436 ]
458 silly gunzTarPerm extractEntry src/Badge.js
459 silly gunzTarPerm modified mode [ 'src/Badge.js', 420, 436 ]
460 silly gunzTarPerm extractEntry src/Well.js
461 silly gunzTarPerm modified mode [ 'src/Well.js', 420, 436 ]
462 silly gunzTarPerm extractEntry src/Alert.js
463 silly gunzTarPerm modified mode [ 'src/Alert.js', 420, 436 ]
464 silly gunzTarPerm extractEntry src/index.js
465 silly gunzTarPerm modified mode [ 'src/index.js', 420, 436 ]
466 silly gunzTarPerm extractEntry src/AffixMixin.js
467 silly gunzTarPerm modified mode [ 'src/AffixMixin.js', 420, 436 ]
468 silly gunzTarPerm extractEntry src/styleMaps.js
469 silly gunzTarPerm modified mode [ 'src/styleMaps.js', 420, 436 ]
470 silly gunzTarPerm extractEntry src/Affix.js
471 silly gunzTarPerm modified mode [ 'src/Affix.js', 420, 436 ]
472 silly gunzTarPerm extractEntry src/ListGroup.js
473 silly gunzTarPerm modified mode [ 'src/ListGroup.js', 420, 436 ]
474 silly gunzTarPerm extractEntry src/utils/CustomPropTypes.js
475 silly gunzTarPerm modified mode [ 'src/utils/CustomPropTypes.js', 420, 436 ]
476 silly gunzTarPerm extractEntry src/utils/EventListener.js
477 silly gunzTarPerm modified mode [ 'src/utils/EventListener.js', 420, 436 ]
478 silly gunzTarPerm extractEntry src/utils/Object.assign.js
479 silly gunzTarPerm modified mode [ 'src/utils/Object.assign.js', 420, 436 ]
480 silly gunzTarPerm extractEntry src/utils/TransitionEvents.js
481 silly gunzTarPerm modified mode [ 'src/utils/TransitionEvents.js', 420, 436 ]
482 silly gunzTarPerm extractEntry src/utils/ValidComponentChildren.js
483 silly gunzTarPerm modified mode [ 'src/utils/ValidComponentChildren.js', 420, 436 ]
484 silly gunzTarPerm extractEntry src/utils/createChainedFunction.js
485 silly gunzTarPerm modified mode [ 'src/utils/createChainedFunction.js', 420, 436 ]
486 silly gunzTarPerm extractEntry src/utils/deprecationWarning.js
487 silly gunzTarPerm modified mode [ 'src/utils/deprecationWarning.js', 420, 436 ]
488 silly gunzTarPerm extractEntry src/utils/domUtils.js
489 silly gunzTarPerm modified mode [ 'src/utils/domUtils.js', 420, 436 ]
490 silly gunzTarPerm extractEntry webpack/docs.config.js
491 silly gunzTarPerm modified mode [ 'webpack/docs.config.js', 420, 436 ]
492 silly gunzTarPerm extractEntry webpack/test.config.js
493 silly gunzTarPerm modified mode [ 'webpack/test.config.js', 420, 436 ]
494 silly gunzTarPerm extractEntry webpack/webpack.config.js
495 silly gunzTarPerm modified mode [ 'webpack/webpack.config.js', 420, 436 ]
496 silly gunzTarPerm extractEntry webpack/strategies/development.js
497 silly gunzTarPerm modified mode [ 'webpack/strategies/development.js', 420, 436 ]
498 silly gunzTarPerm extractEntry webpack/strategies/docs.js
499 silly gunzTarPerm modified mode [ 'webpack/strategies/docs.js', 420, 436 ]
500 silly gunzTarPerm extractEntry webpack/strategies/ie8.js
501 silly gunzTarPerm modified mode [ 'webpack/strategies/ie8.js', 420, 436 ]
502 silly gunzTarPerm extractEntry webpack/strategies/index.js
503 silly gunzTarPerm modified mode [ 'webpack/strategies/index.js', 420, 436 ]
504 silly gunzTarPerm extractEntry webpack/strategies/optimize.js
505 silly gunzTarPerm modified mode [ 'webpack/strategies/optimize.js', 420, 436 ]
506 silly gunzTarPerm extractEntry webpack/strategies/test.js
507 silly gunzTarPerm modified mode [ 'webpack/strategies/test.js', 420, 436 ]
508 silly lockFile e30e7ecb-nup-node-modules-react-bootstrap tar:///home/ketan/public_html/synup/node_modules/react-bootstrap
509 silly lockFile e30e7ecb-nup-node-modules-react-bootstrap tar:///home/ketan/public_html/synup/node_modules/react-bootstrap
510 silly lockFile 58cf4270-act-bootstrap-0-21-2-package-tgz tar:///home/ketan/.npm/react-bootstrap/0.21.2/package.tgz
511 silly lockFile 58cf4270-act-bootstrap-0-21-2-package-tgz tar:///home/ketan/.npm/react-bootstrap/0.21.2/package.tgz
512 info preinstall react-bootstrap@0.21.2
513 verbose readDependencies using package.json deps
514 verbose readDependencies using package.json deps
515 verbose cache add [ 'classnames@^1.1.4', null ]
516 verbose cache add name=undefined spec="classnames@^1.1.4" args=["classnames@^1.1.4",null]
517 verbose parsed url { protocol: null,
517 verbose parsed url   slashes: null,
517 verbose parsed url   auth: null,
517 verbose parsed url   host: null,
517 verbose parsed url   port: null,
517 verbose parsed url   hostname: null,
517 verbose parsed url   hash: null,
517 verbose parsed url   search: null,
517 verbose parsed url   query: null,
517 verbose parsed url   pathname: 'classnames@^1.1.4',
517 verbose parsed url   path: 'classnames@^1.1.4',
517 verbose parsed url   href: 'classnames@^1.1.4' }
518 verbose cache add name="classnames" spec="^1.1.4" args=["classnames","^1.1.4"]
519 verbose parsed url { protocol: null,
519 verbose parsed url   slashes: null,
519 verbose parsed url   auth: null,
519 verbose parsed url   host: null,
519 verbose parsed url   port: null,
519 verbose parsed url   hostname: null,
519 verbose parsed url   hash: null,
519 verbose parsed url   search: null,
519 verbose parsed url   query: null,
519 verbose parsed url   pathname: '^1.1.4',
519 verbose parsed url   path: '^1.1.4',
519 verbose parsed url   href: '^1.1.4' }
520 verbose addNamed [ 'classnames', '^1.1.4' ]
521 verbose addNamed [ null, '>=1.1.4-0 <2.0.0-0' ]
522 silly lockFile 4f1f9c81-classnames-1-1-4 classnames@^1.1.4
523 verbose lock classnames@^1.1.4 /home/ketan/.npm/4f1f9c81-classnames-1-1-4.lock
524 silly addNameRange { name: 'classnames',
524 silly addNameRange   range: '>=1.1.4-0 <2.0.0-0',
524 silly addNameRange   hasData: false }
525 verbose request where is /classnames
526 verbose request registry https://registry.npmjs.org/
527 verbose url raw /classnames
528 verbose url resolving [ 'https://registry.npmjs.org/', './classnames' ]
529 verbose url resolved https://registry.npmjs.org/classnames
530 verbose request where is https://registry.npmjs.org/classnames
531 info trying registry request attempt 1 at 00:55:06
532 verbose etag "DM85DBXHZTURP374PT68KN1UG"
533 http GET https://registry.npmjs.org/classnames
534 http 304 https://registry.npmjs.org/classnames
535 silly registry.get cb [ 304,
535 silly registry.get   { date: 'Fri, 08 May 2015 19:25:07 GMT',
535 silly registry.get     via: '1.1 varnish',
535 silly registry.get     'last-modified': 'Fri, 08 May 2015 19:25:07 GMT',
535 silly registry.get     'cache-control': 'max-age=60',
535 silly registry.get     etag: '"DM85DBXHZTURP374PT68KN1UG"',
535 silly registry.get     age: '33',
535 silly registry.get     connection: 'keep-alive',
535 silly registry.get     'x-served-by': 'cache-sn88-SIN',
535 silly registry.get     'x-cache': 'HIT',
535 silly registry.get     'x-cache-hits': '1',
535 silly registry.get     'x-timer': 'S1431113107.700357,VS0,VE0',
535 silly registry.get     vary: 'Accept' } ]
536 verbose etag https://registry.npmjs.org/classnames from cache
537 silly addNameRange number 2 { name: 'classnames',
537 silly addNameRange   range: '>=1.1.4-0 <2.0.0-0',
537 silly addNameRange   hasData: true }
538 silly addNameRange versions [ 'classnames',
538 silly addNameRange   [ '1.0.0',
538 silly addNameRange     '1.1.0',
538 silly addNameRange     '1.1.1',
538 silly addNameRange     '1.1.2',
538 silly addNameRange     '1.1.3',
538 silly addNameRange     '1.1.4',
538 silly addNameRange     '1.2.0',
538 silly addNameRange     '1.2.1',
538 silly addNameRange     '1.2.2',
538 silly addNameRange     '2.0.0',
538 silly addNameRange     '2.1.0',
538 silly addNameRange     '2.1.1' ] ]
539 verbose addNamed [ 'classnames', '1.2.2' ]
540 verbose addNamed [ '1.2.2', '1.2.2' ]
541 silly lockFile 078dd177-classnames-1-2-2 classnames@1.2.2
542 verbose lock classnames@1.2.2 /home/ketan/.npm/078dd177-classnames-1-2-2.lock
543 silly lockFile 078dd177-classnames-1-2-2 classnames@1.2.2
544 silly lockFile 078dd177-classnames-1-2-2 classnames@1.2.2
545 silly lockFile 4f1f9c81-classnames-1-1-4 classnames@^1.1.4
546 silly lockFile 4f1f9c81-classnames-1-1-4 classnames@^1.1.4
547 silly resolved [ { name: 'classnames',
547 silly resolved     version: '1.2.2',
547 silly resolved     description: 'A simple utility for conditionally joining classNames together',
547 silly resolved     main: 'index.js',
547 silly resolved     author: { name: 'Jed Watson' },
547 silly resolved     license: 'MIT',
547 silly resolved     repository:
547 silly resolved      { type: 'git',
547 silly resolved        url: 'https://github.com/JedWatson/classnames.git' },
547 silly resolved     scripts: { test: 'mocha tests.js' },
547 silly resolved     keywords:
547 silly resolved      [ 'react',
547 silly resolved        'css',
547 silly resolved        'classes',
547 silly resolved        'classname',
547 silly resolved        'classnames',
547 silly resolved        'util',
547 silly resolved        'utility' ],
547 silly resolved     devDependencies: { mocha: '^2.1.0' },
547 silly resolved     gitHead: '669019e9a868197d01fe21a476f35962c579f489',
547 silly resolved     bugs: { url: 'https://github.com/JedWatson/classnames/issues' },
547 silly resolved     homepage: 'https://github.com/JedWatson/classnames',
547 silly resolved     _id: 'classnames@1.2.2',
547 silly resolved     _shasum: 'e96a2a0222d84925dd8fadb205d66e12f888edf9',
547 silly resolved     _from: 'classnames@^1.1.4',
547 silly resolved     _npmVersion: '2.7.5',
547 silly resolved     _nodeVersion: '0.12.2',
547 silly resolved     _npmUser: { name: 'jedwatson', email: 'jed.watson@me.com' },
547 silly resolved     dist:
547 silly resolved      { shasum: 'e96a2a0222d84925dd8fadb205d66e12f888edf9',
547 silly resolved        tarball: 'http://registry.npmjs.org/classnames/-/classnames-1.2.2.tgz' },
547 silly resolved     maintainers: [ [Object] ],
547 silly resolved     directories: {},
547 silly resolved     _resolved: 'https://registry.npmjs.org/classnames/-/classnames-1.2.2.tgz',
547 silly resolved     readme: 'ERROR: No README data found!' } ]
548 info install classnames@1.2.2 into /home/ketan/public_html/synup/node_modules/react-bootstrap
549 info installOne classnames@1.2.2
550 verbose node_modules/react-bootstrap/node_modules/classnames unbuild
551 verbose tar unpack /home/ketan/.npm/classnames/1.2.2/package.tgz
552 silly lockFile 35cd0252-ootstrap-node-modules-classnames tar:///home/ketan/public_html/synup/node_modules/react-bootstrap/node_modules/classnames
553 verbose lock tar:///home/ketan/public_html/synup/node_modules/react-bootstrap/node_modules/classnames /home/ketan/.npm/35cd0252-ootstrap-node-modules-classnames.lock
554 silly lockFile 264026bc-npm-classnames-1-2-2-package-tgz tar:///home/ketan/.npm/classnames/1.2.2/package.tgz
555 verbose lock tar:///home/ketan/.npm/classnames/1.2.2/package.tgz /home/ketan/.npm/264026bc-npm-classnames-1-2-2-package-tgz.lock
556 silly gunzTarPerm modes [ '775', '664' ]
557 silly gunzTarPerm extractEntry package.json
558 silly gunzTarPerm modified mode [ 'package.json', 420, 436 ]
559 silly gunzTarPerm extractEntry .npmignore
560 silly gunzTarPerm modified mode [ '.npmignore', 420, 436 ]
561 silly gunzTarPerm extractEntry README.md
562 silly gunzTarPerm modified mode [ 'README.md', 420, 436 ]
563 silly gunzTarPerm extractEntry LICENSE
564 silly gunzTarPerm modified mode [ 'LICENSE', 420, 436 ]
565 silly gunzTarPerm extractEntry index.js
566 silly gunzTarPerm modified mode [ 'index.js', 420, 436 ]
567 silly gunzTarPerm extractEntry tests.js
568 silly gunzTarPerm modified mode [ 'tests.js', 420, 436 ]
569 silly gunzTarPerm extractEntry .editorconfig
570 silly gunzTarPerm modified mode [ '.editorconfig', 420, 436 ]
571 silly gunzTarPerm extractEntry CONTRIBUTING.md
572 silly gunzTarPerm modified mode [ 'CONTRIBUTING.md', 420, 436 ]
573 silly gunzTarPerm extractEntry bower.json
574 silly gunzTarPerm modified mode [ 'bower.json', 420, 436 ]
575 silly lockFile 35cd0252-ootstrap-node-modules-classnames tar:///home/ketan/public_html/synup/node_modules/react-bootstrap/node_modules/classnames
576 silly lockFile 35cd0252-ootstrap-node-modules-classnames tar:///home/ketan/public_html/synup/node_modules/react-bootstrap/node_modules/classnames
577 silly lockFile 264026bc-npm-classnames-1-2-2-package-tgz tar:///home/ketan/.npm/classnames/1.2.2/package.tgz
578 silly lockFile 264026bc-npm-classnames-1-2-2-package-tgz tar:///home/ketan/.npm/classnames/1.2.2/package.tgz
579 info preinstall classnames@1.2.2
580 verbose readDependencies using package.json deps
581 verbose readDependencies using package.json deps
582 silly resolved []
583 verbose about to build /home/ketan/public_html/synup/node_modules/react-bootstrap/node_modules/classnames
584 info build /home/ketan/public_html/synup/node_modules/react-bootstrap/node_modules/classnames
585 verbose linkStuff [ false,
585 verbose linkStuff   false,
585 verbose linkStuff   false,
585 verbose linkStuff   '/home/ketan/public_html/synup/node_modules/react-bootstrap/node_modules' ]
586 info linkStuff classnames@1.2.2
587 verbose linkBins classnames@1.2.2
588 verbose linkMans classnames@1.2.2
589 verbose rebuildBundles classnames@1.2.2
590 info install classnames@1.2.2
591 info postinstall classnames@1.2.2
592 verbose about to build /home/ketan/public_html/synup/node_modules/react-bootstrap
593 info build /home/ketan/public_html/synup/node_modules/react-bootstrap
594 verbose linkStuff [ false,
594 verbose linkStuff   false,
594 verbose linkStuff   false,
594 verbose linkStuff   '/home/ketan/public_html/synup/node_modules' ]
595 info linkStuff react-bootstrap@0.21.2
596 verbose linkBins react-bootstrap@0.21.2
597 verbose linkMans react-bootstrap@0.21.2
598 verbose rebuildBundles react-bootstrap@0.21.2
599 verbose rebuildBundles [ 'classnames' ]
600 info install react-bootstrap@0.21.2
601 info postinstall react-bootstrap@0.21.2
602 verbose readDependencies using package.json deps
603 verbose already installed skipping react@>=0.13 /home/ketan/public_html/synup
604 silly resolved []
605 error peerinvalid The package react does not satisfy its siblings' peerDependencies requirements!
605 error peerinvalid Peer react-router@0.11.6 wants react@0.12.x
605 error peerinvalid Peer react-bootstrap@0.21.2 wants react@>=0.13
605 error peerinvalid Peer react-hot-loader@1.2.7 wants react@>=0.11.0
606 error System Linux 3.16.0-28-generic
607 error command "/usr/bin/node" "/usr/bin/npm" "install" "react-bootstrap" "--save"
608 error cwd /home/ketan/public_html/synup
609 error node -v v0.10.38
610 error npm -v 1.4.28
611 error code EPEERINVALID
612 verbose exit [ 1, true ]
